Build started 11/23/2017 8:56:12 PM.
     1>Project "C:\Users\School\Documents\CS3113\hw3\NYUCodebase\NYUCodebase.vcxproj" on node 2 (Build target(s)).
     1>ClCompile:
         C:\Program Files (x86)\Microsoft Visual Studio 12.0\VC\bin\CL.exe /c /IC:\SDL2\include /IC:\SDL2_image\include /IC:\glew\include /IC:\SDL2_mixer\include /ZI /nologo /W3 /WX- /sdl /Od /Oy- /D _WINDOWS /D _MBCS /D _MBCS /Gm /EHsc /RTC1 /MDd /GS /fp:precise /Zc:wchar_t /Zc:forScope /Fo"Debug\\" /Fd"Debug\vc120.pdb" /Gd /TP /analyze- /errorReport:prompt main.cpp
         main.cpp
     1>c:\users\school\documents\cs3113\hw3\nyucodebase\main.cpp(34): warning C4305: 'initializing' : truncation from 'double' to 'float'
     1>c:\users\school\documents\cs3113\hw3\nyucodebase\main.cpp(60): warning C4018: '<' : signed/unsigned mismatch
     1>c:\users\school\documents\cs3113\hw3\nyucodebase\main.cpp(170): warning C4305: 'argument' : truncation from 'double' to 'float'
     1>c:\users\school\documents\cs3113\hw3\nyucodebase\main.cpp(172): warning C4305: 'argument' : truncation from 'double' to 'float'
     1>c:\users\school\documents\cs3113\hw3\nyucodebase\main.cpp(175): warning C4305: 'argument' : truncation from 'double' to 'float'
     1>c:\users\school\documents\cs3113\hw3\nyucodebase\main.cpp(177): warning C4305: 'argument' : truncation from 'double' to 'float'
     1>c:\users\school\documents\cs3113\hw3\nyucodebase\main.cpp(342): warning C4305: 'argument' : truncation from 'double' to 'float'
     1>c:\users\school\documents\cs3113\hw3\nyucodebase\main.cpp(344): warning C4305: 'argument' : truncation from 'double' to 'float'
     1>c:\users\school\documents\cs3113\hw3\nyucodebase\main.cpp(352): warning C4305: 'argument' : truncation from 'double' to 'float'
       Link:
         C:\Program Files (x86)\Microsoft Visual Studio 12.0\VC\bin\link.exe /ERRORREPORT:PROMPT /OUT:"C:\Users\School\Documents\CS3113\hw3\Debug\NYUCodebase.exe" /INCREMENTAL /NOLOGO /LIBPATH:C:\SDL2_mixer\lib\x86 /LIBPATH:C:\SDL2\lib\x86 /LIBPATH:C:\SDL2_image\lib\x86 /LIBPATH:C:\glew\lib\Release\Win32 SDL2.lib SDL2_mixer.lib glew32.lib SDL2main.lib SDL2_image.lib OpenGL32.lib /MANIFEST /MANIFESTUAC:"level='asInvoker' uiAccess='false'" /manifest:embed /DEBUG /PDB:"C:\Users\School\Documents\CS3113\hw3\Debug\NYUCodebase.pdb" /SUBSYSTEM:WINDOWS /TLBID:1 /DYNAMICBASE /NXCOMPAT /IMPLIB:"C:\Users\School\Documents\CS3113\hw3\Debug\NYUCodebase.lib" /MACHINE:X86 Debug\main.obj
         Debug\Matrix.obj
         Debug\ShaderProgram.obj
         NYUCodebase.vcxproj -> C:\Users\School\Documents\CS3113\hw3\Debug\NYUCodebase.exe
     1>Done Building Project "C:\Users\School\Documents\CS3113\hw3\NYUCodebase\NYUCodebase.vcxproj" (Build target(s)).

Build succeeded.

Time Elapsed 00:00:02.20
